2024-02-24 23:44:04 VNE_New_York_kmeans_C5

  {'title': 'Vulnerable Neighborhood to COVID-19, NYC',
   'subject': 'COVID-19',
   'filename_suffix': 'New_York_kmeans_C5',
   'inputCSV': 'input_NYC/ACS_2018_5year__zipcode_NYC_byZipcode_normalized.csv',
   'shapefile': 'input_NYC/zipcode_NYC.shp',
   'disasterInputCSV': 'input_NYC/COVID_NYC_20200711_revised.csv',
   'rate1': 'Confirmed rate = _count/_tested',
   'rate2': 'Case fatality rate = _deaths/_count',
   'normalizationCSV': 'input_NYC/Decision_Normalization_NYC.csv',
   'normalizationUnit': 10000,
   'years': [2018],
   'method': 'kmeans',
   'nClusters': 5,
   'variables': ['Median monthly housing costs', '% below poverty',
                 '% unemployed', '% with 4year college degree', '% manufacturing',
                 '% service industry', '% structures more than 30 years old',
                 '% households moved <10 years ago', '% multiunit structures',
                 '% owner occupied housing', '% vacant housing',
                 '% > 60 years old', '% < 18 years old', '% white', '% Asian',
                 '% Hispanic', '% black', '% foreign born'],
   'Distribution_of_Subject': True,
   'Distribution_of_Subject_different_period': False,
   'Distribution_of_Subject_different_cluster': False,
   'Zscore_Means_across_Clusters': True,
   'Zscore_Means_of_Each_Cluster': True,
   'Number_of_Barcharts_for_Subject_Clusters': 1,
   'Number_of_BoxPlots_for_Subject_Clusters': 1}