2024-02-24 23:29:31 VNE_Phoenix_kmeans_C5

  {'title': 'Vulnerable Neighborhood to COVID-19, Phoenix',
   'subject': 'COVID-19',
   'filename_suffix': 'Phoenix_kmeans_C5',
   'inputCSV': 'input_Phoenix/ACS_2018_5year__zipcode_AZ_Maricopa_byZipcode_normalized.csv',
   'shapefile': 'input_Phoenix/AZ_maricopa.shp',
   'disasterInputCSV': 'input_Phoenix/COVID_20200715_Arizona.csv',
   'rate1': 'Confirmed (%) = _count/_tested',
   'normalizationCSV': 'Decision_Normalization.csv',
   'normalizationUnit': 10000,
   'years': [2018],
   'method': 'kmeans',
   'nClusters': 5,
   'label': 'short_name',
   'variables': ['Median monthly housing costs', '% below poverty',
                 '% unemployed', '% with 4year college degree', '% manufacturing',
                 '% service industry', '% structures more than 30 years old',
                 '% households moved <10 years ago', '% multiunit structures',
                 '% owner occupied housing', '% vacant housing',
                 '% > 60 years old', '% < 18 years old', '% white', '% Asian',
                 '% Hispanic', '% black', '% foreign born'],
   'Distribution_of_Subject': True,
   'Zscore_Means_across_Clusters': True,
   'Zscore_Means_of_Each_Cluster': True,
   'Number_of_Barcharts_for_Subject_Clusters': 1,
   'Number_of_BoxPlots_for_Subject_Clusters': 1,
   'labels': ['Median monthly housing costs', '% below poverty', '% unemployed',
              '% with 4year college degree', '% manufacturing',
              '% service industry', '% structures more than 30 years old',
              '% households moved <10 years ago', '% multiunit structures',
              '% owner occupied housing', '% vacant housing', '% > 60 years old',
              '% < 18 years old', '% white', '% Asian', '% Hispanic', '% black',
              '% foreign born']}