2023-04-16 11:31:22 VNE_Chicago_extended_kmeans_C5

  {'title': 'Vulnerable Neighborhood to COVID-19, Chicago',
   'subject': 'COVID-19',
   'filename_suffix': 'Chicago_extended_kmeans_C5',
   'inputCSV': 'input_extended_Chicago/ACS_2018_5year__zipcode_extended_Chicago_byZipcode_normalized.csv',
   'shapefile': 'input_extended_Chicago/Chicago_extended.shp',
   'disasterInputCSV': 'input_Chicago/COVID_IL_20200711.csv',
   'subjectNormalization': '(/10k pop) = all * 10000.0 / Population',
   'normalizationCSV': 'input_Chicago/Decision_Normalization_Chicago.csv',
   'normalizationUnit': 10000,
   'years': [2018],
   'method': 'kmeans',
   'nClusters': 5,
   'label': 'short_name',
   'variables': ['Median monthly housing costs', '% below poverty',
                 '% unemployed', '% with 4year college degree', '% manufacturing',
                 '% service industry', '% structures more than 30 years old',
                 '% households moved <10 years ago', '% multiunit structures',
                 '% owner occupied housing', '% vacant housing',
                 '% > 60 years old', '% < 18 years old', '% white', '% Asian',
                 '% Hispanic', '% black', '% foreign born'],
   'Distribution_of_Subject': True,
   'Zscore_Means_across_Clusters': True,
   'Zscore_Means_of_Each_Cluster': True,
   'Number_of_Barcharts_for_Subject_Clusters': 3,
   'Number_of_BoxPlots_for_Subject_Clusters': 3}