2020-07-17 17:56:59
  {'Distribution_INC1': True,
   'Number_of_Barcharts_for_Subject_Clusters': 2,
   'Zscore_Means_across_Clusters': True,
   'Zscore_Means_of_Each_Cluster': True,
   'diseaseInputCSV': 'COVID_us_counties.csv',
   'filename_suffix': 'US_kmeans_C5',
   'inputCSV': 'ACS_2018_5year__County_US_byCounty_normalized2.csv',
   'label': 'variable',
   'method': 'kmeans',
   'nClusters': 5,
   'rate2': 'Death (%) = _deaths/_cases',
   'shapefile': 'counties_mainland_US.shp',
   'subject': 'COVID-19',
   'subjectNormalization': '(/10k pop) = all * 10000.0 / Population',
   'title': 'Vulnerable Neighborhood to COVID-19, US',
   'variables': ['Median monthly housing costs',
                 '% below poverty',
                 '% unemployed',
                 '% with 4year college degree',
                 '% manufacturing',
                 '% service industry',
                 '% structures more than 30 years old',
                 '% households moved <10 years ago',
                 '% multiunit structures',
                 '% owner occupied housing',
                 '% vacant housing',
                 '% > 60 years old',
                 '% < 18 years old',
                 '% white',
                 '% Asian',
                 '% Hispanic',
                 '% black',
                 '% foreign born'],
   'years': [2018]}