2020-08-14 16:42:51
  {'Distribution_INC1': True,
   'Number_of_Barcharts_for_Subject_Clusters': 1,
   'Number_of_BoxPlots_for_Subject_Clusters': 0,
   'Zscore_Means_across_Clusters': True,
   'Zscore_Means_of_Each_Cluster': True,
   'diseaseInputCSV': 'COVID_Florida_20200717.csv',
   'filename_suffix': 'Miami_kmeans_C5',
   'inputCSV': 'ACS_2018_5year__zipcode_Miami_byZipcode_normalized.csv',
   'label': 'short_name',
   'method': 'kmeans',
   'nClusters': 5,
   'rate1': 'Confirmed (%) = _count/_tested',
   'shapefile': 'Miami4.shp',
   'subject': 'COVID-19',
   'subjectNormalization': '(/10k pop) = all * 10000.0 / Population',
   'subjectNormalizationCSV': 'Decision_Normalization.csv',
   'title': 'Vulnerable Neighborhood to COVID-19, Miami',
   'variables': ['Median monthly housing costs',
                 '% below poverty',
                 '% unemployed',
                 '% with 4year college degree',
                 '% manufacturing',
                 '% service industry',
                 '% structures more than 30 years old',
                 '% households moved <10 years ago',
                 '% multiunit structures',
                 '% owner occupied housing',
                 '% vacant housing',
                 '% > 60 years old',
                 '% < 18 years old',
                 '% white',
                 '% Asian',
                 '% Hispanic',
                 '% black',
                 '% foreign born'],
   'years': [2018]}